# JRE version: OpenJDK Runtime Environment (7.0_51-b31) (build 1.7.0_51-b31)
# Java VM: OpenJDK 64-Bit Server VM (24.51-b03 mixed mode linux-amd64 compressed oops)
Heap
 PSYoungGen      total 28672K, used 14700K [0x00000000e0e80000, 0x00000000e4680000, 0x0000000100000000)
  eden space 25088K, 44% used [0x00000000e0e80000,0x00000000e195e6e8,0x00000000e2700000)
  from space 3584K, 99% used [0x00000000e2700000,0x00000000e2a7ca60,0x00000000e2a80000)
  to   space 3584K, 0% used [0x00000000e4300000,0x00000000e4300000,0x00000000e4680000)
 ParOldGen       total 63488K, used 6039K [0x00000000a2c00000, 0x00000000a6a00000, 0x00000000e0e80000)
  object space 63488K, 9% used [0x00000000a2c00000,0x00000000a31e5f18,0x00000000a6a00000)
 PSPermGen       total 35328K, used 25635K [0x0000000098600000, 0x000000009a880000, 0x00000000a2c00000)
  object space 35328K, 72% used [0x0000000098600000,0x0000000099f08ca8,0x000000009a880000)
GC Heap History (8 events):
Event: 0.993 GC heap before
{Heap before GC invocations=1 (full 0):
 PSYoungGen      total 28672K, used 13541K [0x00000000e0e80000, 0x00000000e2e00000, 0x0000000100000000)
  eden space 25088K, 53% used [0x00000000e0e80000,0x00000000e1bb9458,0x00000000e2700000)
  from space 3584K, 0% used [0x00000000e2a80000,0x00000000e2a80000,0x00000000e2e00000)
  to   space 3584K, 0% used [0x00000000e2700000,0x00000000e2700000,0x00000000e2a80000)
 ParOldGen       total 63488K, used 0K [0x00000000a2c00000, 0x00000000a6a00000, 0x00000000e0e80000)
  object space 63488K, 0% used [0x00000000a2c00000,0x00000000a2c00000,0x00000000a6a00000)
 PSPermGen       total 21504K, used 17490K [0x0000000098600000, 0x0000000099b00000, 0x00000000a2c00000)
  object space 21504K, 81% used [0x0000000098600000,0x0000000099714960,0x0000000099b00000)
Event: 1.016 GC heap after
Heap after GC invocations=1 (full 0):
 PSYoungGen      total 28672K, used 3581K [0x00000000e0e80000, 0x00000000e2e00000, 0x0000000100000000)
  eden space 25088K, 0% used [0x00000000e0e80000,0x00000000e0e80000,0x00000000e2700000)
  from space 3584K, 99% used [0x00000000e2700000,0x00000000e2a7f6a0,0x00000000e2a80000)
  to   space 3584K, 0% used [0x00000000e2a80000,0x00000000e2a80000,0x00000000e2e00000)
 ParOldGen       total 63488K, used 1233K [0x00000000a2c00000, 0x00000000a6a00000, 0x00000000e0e80000)
  object space 63488K, 1% used [0x00000000a2c00000,0x00000000a2d34768,0x00000000a6a00000)
 PSPermGen       total 21504K, used 17490K [0x0000000098600000, 0x0000000099b00000, 0x00000000a2c00000)
  object space 21504K, 81% used [0x0000000098600000,0x0000000099714960,0x0000000099b00000)
}
Event: 1.016 GC heap before
{Heap before GC invocations=2 (full 1):
 PSYoungGen      total 28672K, used 3581K [0x00000000e0e80000, 0x00000000e2e00000, 0x0000000100000000)
  eden space 25088K, 0% used [0x00000000e0e80000,0x00000000e0e80000,0x00000000e2700000)
  from space 3584K, 99% used [0x00000000e2700000,0x00000000e2a7f6a0,0x00000000e2a80000)
  to   space 3584K, 0% used [0x00000000e2a80000,0x00000000e2a80000,0x00000000e2e00000)
 ParOldGen       total 63488K, used 1233K [0x00000000a2c00000, 0x00000000a6a00000, 0x00000000e0e80000)
  object space 63488K, 1% used [0x00000000a2c00000,0x00000000a2d34768,0x00000000a6a00000)
 PSPermGen       total 21504K, used 17490K [0x0000000098600000, 0x0000000099b00000, 0x00000000a2c00000)
  object space 21504K, 81% used [0x0000000098600000,0x0000000099714960,0x0000000099b00000)
Event: 1.062 GC heap after
Heap after GC invocations=2 (full 1):
 PSYoungGen      total 28672K, used 0K [0x00000000e0e80000, 0x00000000e2e00000, 0x0000000100000000)
  eden space 25088K, 0% used [0x00000000e0e80000,0x00000000e0e80000,0x00000000e2700000)
  from space 3584K, 0% used [0x00000000e2700000,0x00000000e2700000,0x00000000e2a80000)
  to   space 3584K, 0% used [0x00000000e2a80000,0x00000000e2a80000,0x00000000e2e00000)
 ParOldGen       total 63488K, used 4289K [0x00000000a2c00000, 0x00000000a6a00000, 0x00000000e0e80000)
  object space 63488K, 6% used [0x00000000a2c00000,0x00000000a3030710,0x00000000a6a00000)
 PSPermGen       total 35328K, used 17485K [0x0000000098600000, 0x000000009a880000, 0x00000000a2c00000)
  object space 35328K, 49% used [0x0000000098600000,0x0000000099713558,0x000000009a880000)
}
Event: 1.893 GC heap before
{Heap before GC invocations=3 (full 1):
 PSYoungGen      total 28672K, used 25088K [0x00000000e0e80000, 0x00000000e2e00000, 0x0000000100000000)
  eden space 25088K, 100% used [0x00000000e0e80000,0x00000000e2700000,0x00000000e2700000)
  from space 3584K, 0% used [0x00000000e2700000,0x00000000e2700000,0x00000000e2a80000)
  to   space 3584K, 0% used [0x00000000e2a80000,0x00000000e2a80000,0x00000000e2e00000)
 ParOldGen       total 63488K, used 4289K [0x00000000a2c00000, 0x00000000a6a00000, 0x00000000e0e80000)
  object space 63488K, 6% used [0x00000000a2c00000,0x00000000a3030710,0x00000000a6a00000)
 PSPermGen       total 35328K, used 23187K [0x0000000098600000, 0x000000009a880000, 0x00000000a2c00000)
  object space 35328K, 65% used [0x0000000098600000,0x0000000099ca4f58,0x000000009a880000)
Event: 1.908 GC heap after
Heap after GC invocations=3 (full 1):
 PSYoungGen      total 28672K, used 3580K [0x00000000e0e80000, 0x00000000e4680000, 0x0000000100000000)
  eden space 25088K, 0% used [0x00000000e0e80000,0x00000000e0e80000,0x00000000e2700000)
  from space 3584K, 99% used [0x00000000e2a80000,0x00000000e2dff0c8,0x00000000e2e00000)
  to   space 3584K, 0% used [0x00000000e2700000,0x00000000e2700000,0x00000000e2a80000)
 ParOldGen       total 63488K, used 4936K [0x00000000a2c00000, 0x00000000a6a00000, 0x00000000e0e80000)
  object space 63488K, 7% used [0x00000000a2c00000,0x00000000a30d21b0,0x00000000a6a00000)
 PSPermGen       total 35328K, used 23187K [0x0000000098600000, 0x000000009a880000, 0x00000000a2c00000)
  object space 35328K, 65% used [0x0000000098600000,0x0000000099ca4f58,0x000000009a880000)
}
Event: 2.513 GC heap before
{Heap before GC invocations=4 (full 1):
 PSYoungGen      total 28672K, used 28668K [0x00000000e0e80000, 0x00000000e4680000, 0x0000000100000000)
  eden space 25088K, 100% used [0x00000000e0e80000,0x00000000e2700000,0x00000000e2700000)
  from space 3584K, 99% used [0x00000000e2a80000,0x00000000e2dff0c8,0x00000000e2e00000)
  to   space 3584K, 0% used [0x00000000e2700000,0x00000000e2700000,0x00000000e2a80000)
 ParOldGen       total 63488K, used 4936K [0x00000000a2c00000, 0x00000000a6a00000, 0x00000000e0e80000)
  object space 63488K, 7% used [0x00000000a2c00000,0x00000000a30d21b0,0x00000000a6a00000)
 PSPermGen       total 35328K, used 25315K [0x0000000098600000, 0x000000009a880000, 0x00000000a2c00000)
  object space 35328K, 71% used [0x0000000098600000,0x0000000099eb8f40,0x000000009a880000)
Event: 2.518 GC heap after
Heap after GC invocations=4 (full 1):
 PSYoungGen      total 28672K, used 3570K [0x00000000e0e80000, 0x00000000e4680000, 0x0000000100000000)
  eden space 25088K, 0% used [0x00000000e0e80000,0x00000000e0e80000,0x00000000e2700000)
  from space 3584K, 99% used [0x00000000e2700000,0x00000000e2a7ca60,0x00000000e2a80000)
  to   space 3584K, 0% used [0x00000000e4300000,0x00000000e4300000,0x00000000e4680000)
 ParOldGen       total 63488K, used 6039K [0x00000000a2c00000, 0x00000000a6a00000, 0x00000000e0e80000)
  object space 63488K, 9% used [0x00000000a2c00000,0x00000000a31e5f18,0x00000000a6a00000)
 PSPermGen       total 35328K, used 25315K [0x0000000098600000, 0x000000009a880000, 0x00000000a2c00000)
  object space 35328K, 71% used [0x0000000098600000,0x0000000099eb8f40,0x000000009a880000)
}

